<?xml version="1.0" encoding="utf-8" ?>
<!DOCTYPE html PUBLIC "-//W3C//DTD XHTML 1.0 Strict//EN"
        "http://www.w3.org/TR/xhtml1/DTD/xhtml1-strict.dtd">
<html xmlns="http://www.w3.org/1999/xhtml" xml:lang="" lang="">
<head>
  <title>Test Results Report - Test</title>
  <meta http-equiv="Content-Type" content="text/html;charset=utf-8" />
  <meta name="description" content="TestNG unit test results." />
  <link href="reportng.css" rel="stylesheet" type="text/css" />
    <script type="text/javascript" src="reportng.js"></script>
</head>
<body>
<h1>Test</h1>
<p>
  Test duration: 103.236s
</p>

  <table class="resultsTable configTable">
    <tr><th colspan="3" class="header failedConfig">Failed Configuration</th></tr>
              <tr class="group">
        <td colspan="3">org.TA.TANFR.testcases.AllLinksTest</td>
      </tr>
            
<tr>
  <td class="method">
                  afterMethod
      </td>
  <td class="duration">
    0.951s
  </td>
  <td class="result">
        
          <i>Method arguments: </i><span class="arguments">[TestResult name=getAllLinksTest status=FAILURE method=AllLinksTest.getAllLinksTest()[pri:0, instance:org.TA.TANFR.testcases.AllLinksTest@63070bab] output= Starting execution of Test Case:- getAllLinksTest. ]</span><br />
    
        

        <a href="javascript:toggleElement('exception-0', 'block')" title="Click to expand/collapse"><b>org.openqa.selenium.WebDriverException: Session [766bc43e8fc9ef4ad6e3c91870142d40] was terminated due to FORWARDING_TO_NODE_FAILED<br/>
Command duration or timeout: 0 milliseconds<br/>
Build info: version: &apos;3.12.0&apos;, revision: &apos;7c6e0b3&apos;, time: &apos;2018-05-08T14:04:26.12Z&apos;<br/>
System info: host: &apos;TECH-LP-620&apos;, ip: &apos;192.168.137.1&apos;, os.name: &apos;Windows 10&apos;, os.arch: &apos;amd64&apos;, os.version: &apos;10.0&apos;, java.version: &apos;1.8.0_191&apos;<br/>
Driver info: org.openqa.selenium.remote.RemoteWebDriver<br/>
Capabilities {acceptInsecureCerts: false, acceptSslCerts: false, applicationCacheEnabled: false, browserConnectionEnabled: false, browserName: chrome, chrome: {chromedriverVersion: 2.41.578737 (49da6702b16031..., userDataDir: C:\Users\PRABHU~1.C\AppData...}, cssSelectorsEnabled: true, databaseEnabled: false, goog:chromeOptions: {debuggerAddress: localhost:49385}, handlesAlerts: true, hasTouchScreen: false, javascriptEnabled: true, locationContextEnabled: true, mobileEmulationEnabled: false, nativeEvents: true, networkConnectionEnabled: false, pageLoadStrategy: normal, platform: XP, platformName: XP, rotatable: false, setWindowRect: true, takesHeapSnapshot: true, takesScreenshot: true, unexpectedAlertBehaviour: , unhandledPromptBehavior: , version: 73.0.3683.103, webStorageEnabled: true, webdriver.remote.sessionid: 766bc43e8fc9ef4ad6e3c918701...}<br/>
Session ID: 766bc43e8fc9ef4ad6e3c91870142d40</b></a><br />
    <div class="stackTrace" id="exception-0">
              sun.reflect.NativeConstructorAccessorImpl.newInstance0(Native Method)<br />
              sun.reflect.NativeConstructorAccessorImpl.newInstance(NativeConstructorAccessorImpl.java:62)<br />
              sun.reflect.DelegatingConstructorAccessorImpl.newInstance(DelegatingConstructorAccessorImpl.java:45)<br />
              java.lang.reflect.Constructor.newInstance(Constructor.java:423)<br />
              org.openqa.selenium.remote.ErrorHandler.createThrowable(ErrorHandler.java:214)<br />
              org.openqa.selenium.remote.ErrorHandler.throwIfResponseFailed(ErrorHandler.java:166)<br />
              org.openqa.selenium.remote.http.JsonHttpResponseCodec.reconstructValue(JsonHttpResponseCodec.java:40)<br />
              org.openqa.selenium.remote.http.AbstractHttpResponseCodec.decode(AbstractHttpResponseCodec.java:80)<br />
              org.openqa.selenium.remote.http.AbstractHttpResponseCodec.decode(AbstractHttpResponseCodec.java:44)<br />
              org.openqa.selenium.remote.HttpCommandExecutor.execute(HttpCommandExecutor.java:164)<br />
              org.openqa.selenium.remote.RemoteWebDriver.execute(RemoteWebDriver.java:601)<br />
              org.openqa.selenium.remote.RemoteWebDriver.execute(RemoteWebDriver.java:658)<br />
              org.openqa.selenium.remote.RemoteWebDriver.quit(RemoteWebDriver.java:497)<br />
              org.TA.TANFR.testutils.DriverFactory.destroyDriver(DriverFactory.java:263)<br />
              org.TA.TANFR.setup.TestSetUp.afterMethod(TestSetUp.java:193)<br />
              sun.reflect.NativeMethodAccessorImpl.invoke0(Native Method)<br />
              sun.reflect.NativeMethodAccessorImpl.invoke(NativeMethodAccessorImpl.java:62)<br />
              sun.reflect.DelegatingMethodAccessorImpl.invoke(DelegatingMethodAccessorImpl.java:43)<br />
              java.lang.reflect.Method.invoke(Method.java:498)<br />
              org.testng.internal.MethodInvocationHelper.invokeMethod(MethodInvocationHelper.java:108)<br />
              org.testng.internal.Invoker.invokeConfigurationMethod(Invoker.java:523)<br />
              org.testng.internal.Invoker.invokeConfigurations(Invoker.java:224)<br />
              org.testng.internal.Invoker.invokeMethod(Invoker.java:723)<br />
              org.testng.internal.Invoker.invokeTestMethod(Invoker.java:869)<br />
              org.testng.internal.Invoker.invokeTestMethods(Invoker.java:1193)<br />
              org.testng.internal.TestMethodWorker.invokeTestMethods(TestMethodWorker.java:126)<br />
              org.testng.internal.TestMethodWorker.run(TestMethodWorker.java:109)<br />
              java.util.concurrent.ThreadPoolExecutor.runWorker(ThreadPoolExecutor.java:1149)<br />
              java.util.concurrent.ThreadPoolExecutor$Worker.run(ThreadPoolExecutor.java:624)<br />
              java.lang.Thread.run(Thread.java:748)<br />
                    <b>Caused by: </b> <a href="javascript:toggleElement('exception-1', 'block')" title="Click to expand/collapse">org.openqa.grid.common.exception.GridException: Session [766bc43e8fc9ef4ad6e3c91870142d40] was terminated due to FORWARDING_TO_NODE_FAILED</a><br />
        <div class="stackTrace" id="exception-1">
                      org.openqa.grid.internal.ActiveTestSessions.getExistingSession(ActiveTestSessions.java:115)<br />
                      org.openqa.grid.internal.DefaultGridRegistry.getExistingSession(DefaultGridRegistry.java:387)<br />
                      org.openqa.grid.web.servlet.handler.RequestHandler.getSession(RequestHandler.java:241)<br />
                      org.openqa.grid.web.servlet.handler.RequestHandler.process(RequestHandler.java:123)<br />
                      org.openqa.grid.web.servlet.DriverServlet.process(DriverServlet.java:85)<br />
                      org.openqa.grid.web.servlet.DriverServlet.doDelete(DriverServlet.java:75)<br />
                      javax.servlet.http.HttpServlet.service(HttpServlet.java:713)<br />
                      javax.servlet.http.HttpServlet.service(HttpServlet.java:790)<br />
                      org.seleniumhq.jetty9.servlet.ServletHolder.handle(ServletHolder.java:865)<br />
                      org.seleniumhq.jetty9.servlet.ServletHandler.doHandle(ServletHandler.java:535)<br />
                      org.seleniumhq.jetty9.server.handler.ScopedHandler.handle(ScopedHandler.java:146)<br />
                      org.seleniumhq.jetty9.security.SecurityHandler.handle(SecurityHandler.java:548)<br />
                      org.seleniumhq.jetty9.server.handler.HandlerWrapper.handle(HandlerWrapper.java:132)<br />
                      org.seleniumhq.jetty9.server.handler.ScopedHandler.nextHandle(ScopedHandler.java:257)<br />
                      org.seleniumhq.jetty9.server.session.SessionHandler.doHandle(SessionHandler.java:1595)<br />
                      org.seleniumhq.jetty9.server.handler.ScopedHandler.nextHandle(ScopedHandler.java:255)<br />
                      org.seleniumhq.jetty9.server.handler.ContextHandler.doHandle(ContextHandler.java:1340)<br />
                      org.seleniumhq.jetty9.server.handler.ScopedHandler.nextScope(ScopedHandler.java:203)<br />
                      org.seleniumhq.jetty9.servlet.ServletHandler.doScope(ServletHandler.java:473)<br />
                      org.seleniumhq.jetty9.server.session.SessionHandler.doScope(SessionHandler.java:1564)<br />
                      org.seleniumhq.jetty9.server.handler.ScopedHandler.nextScope(ScopedHandler.java:201)<br />
                      org.seleniumhq.jetty9.server.handler.ContextHandler.doScope(ContextHandler.java:1242)<br />
                      org.seleniumhq.jetty9.server.handler.ScopedHandler.handle(ScopedHandler.java:144)<br />
                      org.seleniumhq.jetty9.server.handler.HandlerWrapper.handle(HandlerWrapper.java:132)<br />
                      org.seleniumhq.jetty9.server.Server.handle(Server.java:503)<br />
                      org.seleniumhq.jetty9.server.HttpChannel.handle(HttpChannel.java:364)<br />
                      org.seleniumhq.jetty9.server.HttpConnection.onFillable(HttpConnection.java:260)<br />
                      org.seleniumhq.jetty9.io.AbstractConnection$ReadCallback.succeeded(AbstractConnection.java:305)<br />
                      org.seleniumhq.jetty9.io.FillInterest.fillable(FillInterest.java:103)<br />
                      org.seleniumhq.jetty9.io.ChannelEndPoint$2.run(ChannelEndPoint.java:118)<br />
                      org.seleniumhq.jetty9.util.thread.strategy.EatWhatYouKill.runTask(EatWhatYouKill.java:333)<br />
                      org.seleniumhq.jetty9.util.thread.strategy.EatWhatYouKill.doProduce(EatWhatYouKill.java:310)<br />
                      org.seleniumhq.jetty9.util.thread.strategy.EatWhatYouKill.tryProduce(EatWhatYouKill.java:168)<br />
                      org.seleniumhq.jetty9.util.thread.strategy.EatWhatYouKill.run(EatWhatYouKill.java:126)<br />
                      org.seleniumhq.jetty9.util.thread.ReservedThreadExecutor$ReservedThread.run(ReservedThreadExecutor.java:366)<br />
                      org.seleniumhq.jetty9.util.thread.QueuedThreadPool.runJob(QueuedThreadPool.java:765)<br />
                      org.seleniumhq.jetty9.util.thread.QueuedThreadPool$2.run(QueuedThreadPool.java:683)<br />
                      java.lang.Thread.run(Thread.java:748)<br />
                  </div>
          </div>
      </td>
</tr>
    
          <tr><td colspan="3">&nbsp;</td></tr>
      <tr><td colspan="3" class="header skippedConfig">Skipped Configuration</td></tr>
                    <tr>
          <td colspan="3" class="group">org.TA.TANFR.testcases.AllLinksTest</td>
        </tr>
                
<tr>
  <td class="method">
                  afterClass
      </td>
  <td class="duration">
    0.000s
  </td>
  <td class="result">
                               
    
        

      </td>
</tr>
<tr>
  <td class="method">
                  afterSuite
      </td>
  <td class="duration">
    0.000s
  </td>
  <td class="result">
                               
    
        

      </td>
</tr>
<tr>
  <td class="method">
                  afterTest
      </td>
  <td class="duration">
    0.000s
  </td>
  <td class="result">
                               
    
        

      </td>
</tr>
            </table>


  <table class="resultsTable">
    <tr><th colspan="3" class="header failed">Failed Tests</th></tr>
          <tr>
        <td colspan="3" class="group">org.TA.TANFR.testcases.AllLinksTest</td>
      </tr>
            
<tr>
  <td class="method">
                  getAllLinksTest
      </td>
  <td class="duration">
    85.611s
  </td>
  <td class="result">
        
    
            <div class="testOutput">
                         Starting execution of Test Case:- getAllLinksTest. <br />
                  </div>
    

        <a href="javascript:toggleElement('exception-3', 'block')" title="Click to expand/collapse"><b>org.openqa.selenium.WebDriverException: chrome not reachable<br/>
&nbsp; (Session info: chrome=73.0.3683.103)<br/>
&nbsp; (Driver info: chromedriver=2.41.578737 (49da6702b16031c40d63e5618de03a32ff6c197e),platform=Windows NT 10.0.17763 x86_64) (WARNING: The server did not provide any stacktrace information)<br/>
Command duration or timeout: 0 milliseconds<br/>
Build info: version: &apos;3.12.0&apos;, revision: &apos;7c6e0b3&apos;, time: &apos;2018-05-08T14:04:26.12Z&apos;<br/>
System info: host: &apos;TECH-LP-620&apos;, ip: &apos;192.168.137.1&apos;, os.name: &apos;Windows 10&apos;, os.arch: &apos;amd64&apos;, os.version: &apos;10.0&apos;, java.version: &apos;1.8.0_191&apos;<br/>
Driver info: org.openqa.selenium.remote.RemoteWebDriver<br/>
Capabilities {acceptInsecureCerts: false, acceptSslCerts: false, applicationCacheEnabled: false, browserConnectionEnabled: false, browserName: chrome, chrome: {chromedriverVersion: 2.41.578737 (49da6702b16031..., userDataDir: C:\Users\PRABHU~1.C\AppData...}, cssSelectorsEnabled: true, databaseEnabled: false, goog:chromeOptions: {debuggerAddress: localhost:49385}, handlesAlerts: true, hasTouchScreen: false, javascriptEnabled: true, locationContextEnabled: true, mobileEmulationEnabled: false, nativeEvents: true, networkConnectionEnabled: false, pageLoadStrategy: normal, platform: XP, platformName: XP, rotatable: false, setWindowRect: true, takesHeapSnapshot: true, takesScreenshot: true, unexpectedAlertBehaviour: , unhandledPromptBehavior: , version: 73.0.3683.103, webStorageEnabled: true, webdriver.remote.sessionid: 766bc43e8fc9ef4ad6e3c918701...}<br/>
Session ID: 766bc43e8fc9ef4ad6e3c91870142d40<br/>
*** Element info: {Using=xpath, value=//*[@id=&apos;HTMLCS-settings-issue-count&apos;]/div[2]/div}</b></a><br />
    <div class="stackTrace" id="exception-3">
              sun.reflect.NativeConstructorAccessorImpl.newInstance0(Native Method)<br />
              sun.reflect.NativeConstructorAccessorImpl.newInstance(NativeConstructorAccessorImpl.java:62)<br />
              sun.reflect.DelegatingConstructorAccessorImpl.newInstance(DelegatingConstructorAccessorImpl.java:45)<br />
              java.lang.reflect.Constructor.newInstance(Constructor.java:423)<br />
              org.openqa.selenium.remote.ErrorHandler.createThrowable(ErrorHandler.java:214)<br />
              org.openqa.selenium.remote.ErrorHandler.throwIfResponseFailed(ErrorHandler.java:166)<br />
              org.openqa.selenium.remote.http.JsonHttpResponseCodec.reconstructValue(JsonHttpResponseCodec.java:40)<br />
              org.openqa.selenium.remote.http.AbstractHttpResponseCodec.decode(AbstractHttpResponseCodec.java:80)<br />
              org.openqa.selenium.remote.http.AbstractHttpResponseCodec.decode(AbstractHttpResponseCodec.java:44)<br />
              org.openqa.selenium.remote.HttpCommandExecutor.execute(HttpCommandExecutor.java:164)<br />
              org.openqa.selenium.remote.RemoteWebDriver.execute(RemoteWebDriver.java:601)<br />
              org.openqa.selenium.remote.RemoteWebDriver.findElement(RemoteWebDriver.java:371)<br />
              org.openqa.selenium.remote.RemoteWebDriver.findElementByXPath(RemoteWebDriver.java:473)<br />
              org.openqa.selenium.By$ByXPath.findElement(By.java:353)<br />
              org.openqa.selenium.remote.RemoteWebDriver.findElement(RemoteWebDriver.java:363)<br />
              org.openqa.selenium.support.pagefactory.DefaultElementLocator.findElement(DefaultElementLocator.java:69)<br />
              org.openqa.selenium.support.pagefactory.internal.LocatingElementHandler.invoke(LocatingElementHandler.java:38)<br />
              com.sun.proxy.$Proxy13.getText(Unknown Source)<br />
              org.TA.TANFR.accessibility.AccessibilityScanner.runHTMLCodeSniffer(AccessibilityScanner.java:182)<br />
              org.TA.TANFR.testcases.AllLinksTest.getAllLinksTest(AllLinksTest.java:107)<br />
              sun.reflect.NativeMethodAccessorImpl.invoke0(Native Method)<br />
              sun.reflect.NativeMethodAccessorImpl.invoke(NativeMethodAccessorImpl.java:62)<br />
              sun.reflect.DelegatingMethodAccessorImpl.invoke(DelegatingMethodAccessorImpl.java:43)<br />
              java.lang.reflect.Method.invoke(Method.java:498)<br />
              org.testng.internal.MethodInvocationHelper.invokeMethod(MethodInvocationHelper.java:108)<br />
              org.testng.internal.Invoker.invokeMethod(Invoker.java:661)<br />
              org.testng.internal.Invoker.invokeTestMethod(Invoker.java:869)<br />
              org.testng.internal.Invoker.invokeTestMethods(Invoker.java:1193)<br />
              org.testng.internal.TestMethodWorker.invokeTestMethods(TestMethodWorker.java:126)<br />
              org.testng.internal.TestMethodWorker.run(TestMethodWorker.java:109)<br />
              java.util.concurrent.ThreadPoolExecutor.runWorker(ThreadPoolExecutor.java:1149)<br />
              java.util.concurrent.ThreadPoolExecutor$Worker.run(ThreadPoolExecutor.java:624)<br />
              java.lang.Thread.run(Thread.java:748)<br />
                </div>
      </td>
</tr>
      </table>


  
</body>
</html>
